<?xml version="1.0" encoding="UTF-8"?>
<!-- Generated by org.testng.reporters.JUnitXMLReporter -->
<testsuite ignored="0" hostname="DESKTOP-CN7194J" failures="0" tests="1" name="Test" time="7.354" errors="0" timestamp="2024-01-13T11:42:23 IST">
  <testcase classname="bank.testCases.BaseClass" name="@BeforeClass setup" time="7.061">
    <failure type="java.lang.NullPointerException" message="Cannot invoke &amp;quot;org.apache.logging.log4j.Logger.info(String)&amp;quot; because &amp;quot;this.log&amp;quot; is null">
      <![CDATA[java.lang.NullPointerException: Cannot invoke "org.apache.logging.log4j.Logger.info(String)" because "this.log" is null
at bank.testCases.BaseClass.setup(BaseClass.java:35)
at java.base/java.util.ArrayList.forEach(ArrayList.java:1596)
... Removed 27 stack frames]]>
    </failure>
  </testcase> <!-- @BeforeClass setup -->
  <testcase classname="bank.testCases.BaseClass" name="@AfterClass closeApp" time="0.0">
    <skipped/>
  </testcase> <!-- @AfterClass closeApp -->
  <testcase classname="bank.testCases.HomeTest_001" name="homeTest" time="0.0">
    <skipped/>
  </testcase> <!-- homeTest -->
</testsuite> <!-- Test -->
